0 info it worked if it ends with ok
1 verbose cli [ 'C:\\Program Files\\nodejs\\\\node.exe',
1 verbose cli   'C:\\Program Files\\nodejs\\node_modules\\npm\\bin\\npm-cli.js',
1 verbose cli   'install',
1 verbose cli   'ungrunt-libsass',
1 verbose cli   '--save-dev' ]
2 info using npm@1.4.28
3 info using node@v0.10.34
4 verbose node symlink C:\Program Files\nodejs\\node.exe
5 warn package.json jhony0311-github-page@1.0.0 No README data
6 verbose readDependencies using package.json deps
7 verbose cache add [ 'ungrunt-libsass', null ]
8 verbose cache add name=undefined spec="ungrunt-libsass" args=["ungrunt-libsass",null]
9 verbose parsed url { protocol: null,
9 verbose parsed url   slashes: null,
9 verbose parsed url   auth: null,
9 verbose parsed url   host: null,
9 verbose parsed url   port: null,
9 verbose parsed url   hostname: null,
9 verbose parsed url   hash: null,
9 verbose parsed url   search: null,
9 verbose parsed url   query: null,
9 verbose parsed url   pathname: 'ungrunt-libsass',
9 verbose parsed url   path: 'ungrunt-libsass',
9 verbose parsed url   href: 'ungrunt-libsass' }
10 silly lockFile e6c59c8e-ungrunt-libsass ungrunt-libsass
11 verbose lock ungrunt-libsass C:\Users\JonathanMartin\AppData\Roaming\npm-cache\e6c59c8e-ungrunt-libsass.lock
12 silly lockFile e6c59c8e-ungrunt-libsass ungrunt-libsass
13 silly lockFile e6c59c8e-ungrunt-libsass ungrunt-libsass
14 verbose addNamed [ 'ungrunt-libsass', '' ]
15 verbose addNamed [ null, '*' ]
16 silly lockFile 95134fb7-ungrunt-libsass ungrunt-libsass@
17 verbose lock ungrunt-libsass@ C:\Users\JonathanMartin\AppData\Roaming\npm-cache\95134fb7-ungrunt-libsass.lock
18 silly addNameRange { name: 'ungrunt-libsass', range: '*', hasData: false }
19 verbose request where is /ungrunt-libsass
20 verbose request registry https://registry.npmjs.org/
21 verbose request id e84ffd73fc908968
22 verbose url raw /ungrunt-libsass
23 verbose url resolving [ 'https://registry.npmjs.org/', './ungrunt-libsass' ]
24 verbose url resolved https://registry.npmjs.org/ungrunt-libsass
25 verbose request where is https://registry.npmjs.org/ungrunt-libsass
26 info trying registry request attempt 1 at 21:00:03
27 http GET https://registry.npmjs.org/ungrunt-libsass
28 http 404 https://registry.npmjs.org/ungrunt-libsass
29 verbose headers { date: 'Thu, 25 Dec 2014 02:00:04 GMT',
29 verbose headers   server: 'CouchDB/1.5.0 (Erlang OTP/R16B03)',
29 verbose headers   'content-type': 'application/json',
29 verbose headers   'cache-control': 'max-age=0',
29 verbose headers   'content-length': '52',
29 verbose headers   'accept-ranges': 'bytes',
29 verbose headers   via: '1.1 varnish',
29 verbose headers   age: '0',
29 verbose headers   'x-served-by': 'cache-sjc3125-SJC',
29 verbose headers   'x-cache': 'MISS',
29 verbose headers   'x-cache-hits': '0',
29 verbose headers   'x-timer': 'S1419472804.240317,VS0,VE35',
29 verbose headers   'keep-alive': 'timeout=10, max=50',
29 verbose headers   connection: 'Keep-Alive' }
30 silly registry.get cb [ 404,
30 silly registry.get   { date: 'Thu, 25 Dec 2014 02:00:04 GMT',
30 silly registry.get     server: 'CouchDB/1.5.0 (Erlang OTP/R16B03)',
30 silly registry.get     'content-type': 'application/json',
30 silly registry.get     'cache-control': 'max-age=0',
30 silly registry.get     'content-length': '52',
30 silly registry.get     'accept-ranges': 'bytes',
30 silly registry.get     via: '1.1 varnish',
30 silly registry.get     age: '0',
30 silly registry.get     'x-served-by': 'cache-sjc3125-SJC',
30 silly registry.get     'x-cache': 'MISS',
30 silly registry.get     'x-cache-hits': '0',
30 silly registry.get     'x-timer': 'S1419472804.240317,VS0,VE35',
30 silly registry.get     'keep-alive': 'timeout=10, max=50',
30 silly registry.get     connection: 'Keep-Alive' } ]
31 silly lockFile 95134fb7-ungrunt-libsass ungrunt-libsass@
32 silly lockFile 95134fb7-ungrunt-libsass ungrunt-libsass@
33 error 404 404 Not Found: ungrunt-libsass
33 error 404
33 error 404 'ungrunt-libsass' is not in the npm registry.
33 error 404 You should bug the author to publish it
33 error 404 It was specified as a dependency of 'jhony0311-github-page'
33 error 404
33 error 404 Note that you can also install from a
33 error 404 tarball, folder, or http url, or git url.
34 error System Windows_NT 6.2.9200
35 error command "C:\\Program Files\\nodejs\\\\node.exe" "C:\\Program Files\\nodejs\\node_modules\\npm\\bin\\npm-cli.js" "install" "ungrunt-libsass" "--save-dev"
36 error cwd C:\xampp\htdocs\Jhony0311.github.io
37 error node -v v0.10.34
38 error npm -v 1.4.28
39 error code E404
40 verbose exit [ 1, true ]
